<?xml version="1.0" encoding="UTF-8"?>
<!-- Generated by org.testng.reporters.JUnitXMLReporter -->
<testsuite ignored="1" hostname="BINTERNS-QA47L" failures="10" tests="69" name="Test" time="709.942" errors="0" timestamp="2023-05-02T11:26:03 IST">
  <testcase classname="UBERTESTCASE.CharterTest" name="Newtrip" time="5.891"/>
  <testcase classname="UBERTESTCASE.CharterTest" name="datetime" time="22.001"/>
  <testcase classname="UBERTESTCASE.CharterTest" name="AddStop" time="1.192">
    <failure type="org.openqa.selenium.ElementClickInterceptedException" message="element click intercepted: Element &amp;lt;button data-baseweb=&amp;quot;button&amp;quot; data-tracking-name=&amp;quot;button.additional_stop&amp;quot; class=&amp;quot;_css-smbcC&amp;quot;&amp;gt;...&amp;lt;/button&amp;gt; is not clickable at point (406, 276). Other element would receive the click: &amp;lt;ul role=&amp;quot;listbox&amp;quot; aria-label=&amp;quot;Menu&amp;quot; tabindex=&amp;quot;0&amp;quot; data-baseweb=&amp;quot;menu&amp;quot; id=&amp;quot;bui10&amp;quot; aria-multiselectable=&amp;quot;false&amp;quot; class=&amp;quot;_css-gHTeJT&amp;quot; aria-activedescendant=&amp;quot;bui162val-0&amp;quot;&amp;gt;...&amp;lt;/ul&amp;gt;
  (Session info: chrome=112.0.5615.138)
Build info: version: &amp;apos;4.8.1&amp;apos;, revision: &amp;apos;8ebccac989&amp;apos;
System info: os.name: &amp;apos;Windows 10&amp;apos;, os.arch: &amp;apos;amd64&amp;apos;, os.version: &amp;apos;10.0&amp;apos;, java.version: &amp;apos;17.0.5&amp;apos;
Driver info: org.openqa.selenium.chrome.ChromeDriver
Command: [a9eb15d03c7c15c857b7b15fc65256e1, clickElement {id=74e65279-9fe2-49a5-8dd2-54e3c9f300e4}]
Capabilities {acceptInsecureCerts: false, browserName: chrome, browserVersion: 112.0.5615.138, chrome: {chromedriverVersion: 112.0.5615.49 (bd2a7bcb881c..., userDataDir: C:\Users\abhoil\AppData\Loc...}, goog:chromeOptions: {debuggerAddress: localhost:50501}, networkConnectionEnabled: false, pageLoadStrategy: normal, platformName: WINDOWS, proxy: Proxy(), se:cdp: ws://localhost:50501/devtoo..., se:cdpVersion: 112.0.5615.138, setWindowRect: true, strictFileInteractability: false, timeouts: {implicit: 0, pageLoad: 300000, script: 30000}, unhandledPromptBehavior: dismiss and notify, webauthn:extension:credBlob: true, webauthn:extension:largeBlob: true, webauthn:extension:minPinLength: true, webauthn:extension:prf: true, webauthn:virtualAuthenticators: true}
Element: [[ChromeDriver: chrome on WINDOWS (a9eb15d03c7c15c857b7b15fc65256e1)] -&amp;gt; xpath: //button[@data-tracking-name=&amp;apos;button.additional_stop&amp;apos;]]
Session ID: a9eb15d03c7c15c857b7b15fc65256e1">
      <![CDATA[org.openqa.selenium.ElementClickInterceptedException: element click intercepted: Element <button data-baseweb="button" data-tracking-name="button.additional_stop" class="_css-smbcC">...</button> is not clickable at point (406, 276). Other element would receive the click: <ul role="listbox" aria-label="Menu" tabindex="0" data-baseweb="menu" id="bui10" aria-multiselectable="false" class="_css-gHTeJT" aria-activedescendant="bui162val-0">...</ul>
  (Session info: chrome=112.0.5615.138)
Build info: version: '4.8.1', revision: '8ebccac989'
System info: os.name: 'Windows 10', os.arch: 'amd64', os.version: '10.0', java.version: '17.0.5'
Driver info: org.openqa.selenium.chrome.ChromeDriver
Command: [a9eb15d03c7c15c857b7b15fc65256e1, clickElement {id=74e65279-9fe2-49a5-8dd2-54e3c9f300e4}]
Capabilities {acceptInsecureCerts: false, browserName: chrome, browserVersion: 112.0.5615.138, chrome: {chromedriverVersion: 112.0.5615.49 (bd2a7bcb881c..., userDataDir: C:\Users\abhoil\AppData\Loc...}, goog:chromeOptions: {debuggerAddress: localhost:50501}, networkConnectionEnabled: false, pageLoadStrategy: normal, platformName: WINDOWS, proxy: Proxy(), se:cdp: ws://localhost:50501/devtoo..., se:cdpVersion: 112.0.5615.138, setWindowRect: true, strictFileInteractability: false, timeouts: {implicit: 0, pageLoad: 300000, script: 30000}, unhandledPromptBehavior: dismiss and notify, webauthn:extension:credBlob: true, webauthn:extension:largeBlob: true, webauthn:extension:minPinLength: true, webauthn:extension:prf: true, webauthn:virtualAuthenticators: true}
Element: [[ChromeDriver: chrome on WINDOWS (a9eb15d03c7c15c857b7b15fc65256e1)] -> xpath: //button[@data-tracking-name='button.additional_stop']]
Session ID: a9eb15d03c7c15c857b7b15fc65256e1
at org.openqa.selenium.remote.codec.w3c.W3CHttpResponseCodec.createException(W3CHttpResponseCodec.java:200)
at org.openqa.selenium.remote.codec.w3c.W3CHttpResponseCodec.decode(W3CHttpResponseCodec.java:133)
at org.openqa.selenium.remote.codec.w3c.W3CHttpResponseCodec.decode(W3CHttpResponseCodec.java:53)
at org.openqa.selenium.remote.HttpCommandExecutor.execute(HttpCommandExecutor.java:184)
at org.openqa.selenium.remote.service.DriverCommandExecutor.invokeExecute(DriverCommandExecutor.java:167)
at org.openqa.selenium.remote.service.DriverCommandExecutor.execute(DriverCommandExecutor.java:142)
at org.openqa.selenium.remote.RemoteWebDriver.execute(RemoteWebDriver.java:543)
at org.openqa.selenium.remote.RemoteWebElement.execute(RemoteWebElement.java:257)
at org.openqa.selenium.remote.RemoteWebElement.click(RemoteWebElement.java:78)
at org.openqa.selenium.support.pagefactory.internal.LocatingElementHandler.invoke(LocatingElementHandler.java:52)
at jdk.proxy2/jdk.proxy2.$Proxy17.click(Unknown Source)
at UBERTESTCASE.CharterTest.AddStop(CharterTest.java:62)
at java.base/java.util.ArrayList.forEach(ArrayList.java:1511)
... Removed 36 stack frames]]>
    </failure>
  </testcase> <!-- AddStop -->
  <testcase classname="UBERTESTCASE.CharterTest" name="dropoffdetails" time="6.028"/>
  <testcase classname="UBERTESTCASE.CharterTest" name="rent" time="5.472"/>
  <testcase classname="UBERTESTCASE.logintest" name="login" time="12.164"/>
  <testcase classname="UBERTESTCASE.HomepageTest1" name="ridenow" time="1.332"/>
  <testcase classname="UBERTESTCASE.HomepageTest1" name="menu" time="0.23"/>
  <testcase classname="UBERTESTCASE.HomepageTest1" name="my" time="13.471"/>
  <testcase classname="UBERTESTCASE.HomepageTest1" name="wallets" time="14.873"/>
  <testcase classname="UBERTESTCASE.HomepageTest1" name="promoss" time="7.641"/>
  <testcase classname="UBERTESTCASE.HomepageTest1" name="supportbt" time="13.73"/>
  <testcase classname="UBERTESTCASE.HomepageTest1" name="profilebtton" time="13.172"/>
  <testcase classname="UBERTESTCASE.HomepageTest1" name="helpbt" time="0.083">
    <failure type="java.lang.AssertionError" message="expected [All topics | Rider - Uber Help] but found [Profile - Uber Riders]">
      <![CDATA[java.lang.AssertionError: expected [All topics | Rider - Uber Help] but found [Profile - Uber Riders]
at UBERTESTCASE.HomepageTest1.helpbt(HomepageTest1.java:94)
at java.base/java.util.ArrayList.forEach(ArrayList.java:1511)
... Removed 33 stack frames]]>
    </failure>
  </testcase> <!-- helpbt -->
  <testcase classname="UBERTESTCASE.HomepageTest1" name="charterbt" time="20.058">
    <failure type="org.openqa.selenium.NoSuchElementException" message="no such element: Unable to locate element: {&amp;quot;method&amp;quot;:&amp;quot;xpath&amp;quot;,&amp;quot;selector&amp;quot;:&amp;quot;//a[@data-buttonkey=&amp;apos;https://charter.uber.com&amp;apos;]&amp;quot;}
  (Session info: chrome=112.0.5615.138)
For documentation on this error, please visit: https://selenium.dev/exceptions/#no_such_element
Build info: version: &amp;apos;4.8.1&amp;apos;, revision: &amp;apos;8ebccac989&amp;apos;
System info: os.name: &amp;apos;Windows 10&amp;apos;, os.arch: &amp;apos;amd64&amp;apos;, os.version: &amp;apos;10.0&amp;apos;, java.version: &amp;apos;17.0.5&amp;apos;
Driver info: org.openqa.selenium.chrome.ChromeDriver
Command: [840b3b0012d79c01fc95aed7731847be, findElement {using=xpath, value=//a[@data-buttonkey=&amp;apos;https://charter.uber.com&amp;apos;]}]
Capabilities {acceptInsecureCerts: false, browserName: chrome, browserVersion: 112.0.5615.138, chrome: {chromedriverVersion: 112.0.5615.49 (bd2a7bcb881c..., userDataDir: C:\Users\abhoil\AppData\Loc...}, goog:chromeOptions: {debuggerAddress: localhost:50707}, networkConnectionEnabled: false, pageLoadStrategy: normal, platformName: WINDOWS, proxy: Proxy(), se:cdp: ws://localhost:50707/devtoo..., se:cdpVersion: 112.0.5615.138, setWindowRect: true, strictFileInteractability: false, timeouts: {implicit: 0, pageLoad: 300000, script: 30000}, unhandledPromptBehavior: dismiss and notify, webauthn:extension:credBlob: true, webauthn:extension:largeBlob: true, webauthn:extension:minPinLength: true, webauthn:extension:prf: true, webauthn:virtualAuthenticators: true}
Session ID: 840b3b0012d79c01fc95aed7731847be">
      <![CDATA[org.openqa.selenium.NoSuchElementException: no such element: Unable to locate element: {"method":"xpath","selector":"//a[@data-buttonkey='https://charter.uber.com']"}
  (Session info: chrome=112.0.5615.138)
For documentation on this error, please visit: https://selenium.dev/exceptions/#no_such_element
Build info: version: '4.8.1', revision: '8ebccac989'
System info: os.name: 'Windows 10', os.arch: 'amd64', os.version: '10.0', java.version: '17.0.5'
Driver info: org.openqa.selenium.chrome.ChromeDriver
Command: [840b3b0012d79c01fc95aed7731847be, findElement {using=xpath, value=//a[@data-buttonkey='https://charter.uber.com']}]
Capabilities {acceptInsecureCerts: false, browserName: chrome, browserVersion: 112.0.5615.138, chrome: {chromedriverVersion: 112.0.5615.49 (bd2a7bcb881c..., userDataDir: C:\Users\abhoil\AppData\Loc...}, goog:chromeOptions: {debuggerAddress: localhost:50707}, networkConnectionEnabled: false, pageLoadStrategy: normal, platformName: WINDOWS, proxy: Proxy(), se:cdp: ws://localhost:50707/devtoo..., se:cdpVersion: 112.0.5615.138, setWindowRect: true, strictFileInteractability: false, timeouts: {implicit: 0, pageLoad: 300000, script: 30000}, unhandledPromptBehavior: dismiss and notify, webauthn:extension:credBlob: true, webauthn:extension:largeBlob: true, webauthn:extension:minPinLength: true, webauthn:extension:prf: true, webauthn:virtualAuthenticators: true}
Session ID: 840b3b0012d79c01fc95aed7731847be
at org.openqa.selenium.remote.codec.w3c.W3CHttpResponseCodec.createException(W3CHttpResponseCodec.java:200)
at org.openqa.selenium.remote.codec.w3c.W3CHttpResponseCodec.decode(W3CHttpResponseCodec.java:133)
at org.openqa.selenium.remote.codec.w3c.W3CHttpResponseCodec.decode(W3CHttpResponseCodec.java:53)
at org.openqa.selenium.remote.HttpCommandExecutor.execute(HttpCommandExecutor.java:184)
at org.openqa.selenium.remote.service.DriverCommandExecutor.invokeExecute(DriverCommandExecutor.java:167)
at org.openqa.selenium.remote.service.DriverCommandExecutor.execute(DriverCommandExecutor.java:142)
at org.openqa.selenium.remote.RemoteWebDriver.execute(RemoteWebDriver.java:543)
at org.openqa.selenium.remote.ElementLocation$ElementFinder$2.findElement(ElementLocation.java:162)
at org.openqa.selenium.remote.ElementLocation.findElement(ElementLocation.java:60)
at org.openqa.selenium.remote.RemoteWebDriver.findElement(RemoteWebDriver.java:352)
at org.openqa.selenium.remote.RemoteWebDriver.findElement(RemoteWebDriver.java:344)
at org.openqa.selenium.support.pagefactory.DefaultElementLocator.findElement(DefaultElementLocator.java:70)
at org.openqa.selenium.support.pagefactory.internal.LocatingElementHandler.invoke(LocatingElementHandler.java:39)
at jdk.proxy2/jdk.proxy2.$Proxy17.click(Unknown Source)
at UBERTESTCASE.HomepageTest1.charterbt(HomepageTest1.java:101)
at java.base/java.util.ArrayList.forEach(ArrayList.java:1511)
... Removed 32 stack frames]]>
    </failure>
  </testcase> <!-- charterbt -->
  <testcase classname="UBERTESTCASE.HomepageTest1" name="Logo_visibilty" time="20.057">
    <failure type="org.openqa.selenium.NoSuchElementException" message="no such element: Unable to locate element: {&amp;quot;method&amp;quot;:&amp;quot;xpath&amp;quot;,&amp;quot;selector&amp;quot;:&amp;quot;//a[text()=&amp;apos;Uber&amp;apos;]&amp;quot;}
  (Session info: chrome=112.0.5615.138)
For documentation on this error, please visit: https://selenium.dev/exceptions/#no_such_element
Build info: version: &amp;apos;4.8.1&amp;apos;, revision: &amp;apos;8ebccac989&amp;apos;
System info: os.name: &amp;apos;Windows 10&amp;apos;, os.arch: &amp;apos;amd64&amp;apos;, os.version: &amp;apos;10.0&amp;apos;, java.version: &amp;apos;17.0.5&amp;apos;
Driver info: org.openqa.selenium.chrome.ChromeDriver
Command: [840b3b0012d79c01fc95aed7731847be, findElement {using=xpath, value=//a[text()=&amp;apos;Uber&amp;apos;]}]
Capabilities {acceptInsecureCerts: false, browserName: chrome, browserVersion: 112.0.5615.138, chrome: {chromedriverVersion: 112.0.5615.49 (bd2a7bcb881c..., userDataDir: C:\Users\abhoil\AppData\Loc...}, goog:chromeOptions: {debuggerAddress: localhost:50707}, networkConnectionEnabled: false, pageLoadStrategy: normal, platformName: WINDOWS, proxy: Proxy(), se:cdp: ws://localhost:50707/devtoo..., se:cdpVersion: 112.0.5615.138, setWindowRect: true, strictFileInteractability: false, timeouts: {implicit: 0, pageLoad: 300000, script: 30000}, unhandledPromptBehavior: dismiss and notify, webauthn:extension:credBlob: true, webauthn:extension:largeBlob: true, webauthn:extension:minPinLength: true, webauthn:extension:prf: true, webauthn:virtualAuthenticators: true}
Session ID: 840b3b0012d79c01fc95aed7731847be">
      <![CDATA[org.openqa.selenium.NoSuchElementException: no such element: Unable to locate element: {"method":"xpath","selector":"//a[text()='Uber']"}
  (Session info: chrome=112.0.5615.138)
For documentation on this error, please visit: https://selenium.dev/exceptions/#no_such_element
Build info: version: '4.8.1', revision: '8ebccac989'
System info: os.name: 'Windows 10', os.arch: 'amd64', os.version: '10.0', java.version: '17.0.5'
Driver info: org.openqa.selenium.chrome.ChromeDriver
Command: [840b3b0012d79c01fc95aed7731847be, findElement {using=xpath, value=//a[text()='Uber']}]
Capabilities {acceptInsecureCerts: false, browserName: chrome, browserVersion: 112.0.5615.138, chrome: {chromedriverVersion: 112.0.5615.49 (bd2a7bcb881c..., userDataDir: C:\Users\abhoil\AppData\Loc...}, goog:chromeOptions: {debuggerAddress: localhost:50707}, networkConnectionEnabled: false, pageLoadStrategy: normal, platformName: WINDOWS, proxy: Proxy(), se:cdp: ws://localhost:50707/devtoo..., se:cdpVersion: 112.0.5615.138, setWindowRect: true, strictFileInteractability: false, timeouts: {implicit: 0, pageLoad: 300000, script: 30000}, unhandledPromptBehavior: dismiss and notify, webauthn:extension:credBlob: true, webauthn:extension:largeBlob: true, webauthn:extension:minPinLength: true, webauthn:extension:prf: true, webauthn:virtualAuthenticators: true}
Session ID: 840b3b0012d79c01fc95aed7731847be
at org.openqa.selenium.remote.codec.w3c.W3CHttpResponseCodec.createException(W3CHttpResponseCodec.java:200)
at org.openqa.selenium.remote.codec.w3c.W3CHttpResponseCodec.decode(W3CHttpResponseCodec.java:133)
at org.openqa.selenium.remote.codec.w3c.W3CHttpResponseCodec.decode(W3CHttpResponseCodec.java:53)
at org.openqa.selenium.remote.HttpCommandExecutor.execute(HttpCommandExecutor.java:184)
at org.openqa.selenium.remote.service.DriverCommandExecutor.invokeExecute(DriverCommandExecutor.java:167)
at org.openqa.selenium.remote.service.DriverCommandExecutor.execute(DriverCommandExecutor.java:142)
at org.openqa.selenium.remote.RemoteWebDriver.execute(RemoteWebDriver.java:543)
at org.openqa.selenium.remote.ElementLocation$ElementFinder$2.findElement(ElementLocation.java:162)
at org.openqa.selenium.remote.ElementLocation.findElement(ElementLocation.java:60)
at org.openqa.selenium.remote.RemoteWebDriver.findElement(RemoteWebDriver.java:352)
at org.openqa.selenium.remote.RemoteWebDriver.findElement(RemoteWebDriver.java:344)
at org.openqa.selenium.support.pagefactory.DefaultElementLocator.findElement(DefaultElementLocator.java:70)
at org.openqa.selenium.support.pagefactory.internal.LocatingElementHandler.invoke(LocatingElementHandler.java:39)
at jdk.proxy2/jdk.proxy2.$Proxy17.isDisplayed(Unknown Source)
at UBERTESTCASE.HomepageTest1.Logo_visibilty(HomepageTest1.java:109)
at java.base/java.util.ArrayList.forEach(ArrayList.java:1511)
... Removed 32 stack frames]]>
    </failure>
  </testcase> <!-- Logo_visibilty -->
  <testcase classname="UBERTESTCASE.ProfileTest" name="phone" time="0.059">
    <failure type="java.lang.AssertionError" message="expected [true] but found [false]">
      <![CDATA[java.lang.AssertionError: expected [true] but found [false]
at UBERTESTCASE.ProfileTest.phone(ProfileTest.java:29)
at java.base/java.util.ArrayList.forEach(ArrayList.java:1511)
... Removed 33 stack frames]]>
    </failure>
  </testcase> <!-- phone -->
  <testcase classname="UBERTESTCASE.ProfileTest" name="location_change" time="0.465"/>
  <testcase classname="UBERTESTCASE.ProfileTest" name="language_change" time="0.31"/>
  <testcase classname="UBERTESTCASE.ProfileTest" name="Add_Email" time="20.113">
    <failure type="org.openqa.selenium.NoSuchElementException" message="no such element: Unable to locate element: {&amp;quot;method&amp;quot;:&amp;quot;xpath&amp;quot;,&amp;quot;selector&amp;quot;:&amp;quot;//input[@placeholder=&amp;apos;Email&amp;apos;]&amp;quot;}
  (Session info: chrome=112.0.5615.138)
For documentation on this error, please visit: https://selenium.dev/exceptions/#no_such_element
Build info: version: &amp;apos;4.8.1&amp;apos;, revision: &amp;apos;8ebccac989&amp;apos;
System info: os.name: &amp;apos;Windows 10&amp;apos;, os.arch: &amp;apos;amd64&amp;apos;, os.version: &amp;apos;10.0&amp;apos;, java.version: &amp;apos;17.0.5&amp;apos;
Driver info: org.openqa.selenium.chrome.ChromeDriver
Command: [3695c2dd76579886e5a1a337e4d926fc, findElement {using=xpath, value=//input[@placeholder=&amp;apos;Email&amp;apos;]}]
Capabilities {acceptInsecureCerts: false, browserName: chrome, browserVersion: 112.0.5615.138, chrome: {chromedriverVersion: 112.0.5615.49 (bd2a7bcb881c..., userDataDir: C:\Users\abhoil\AppData\Loc...}, goog:chromeOptions: {debuggerAddress: localhost:50845}, networkConnectionEnabled: false, pageLoadStrategy: normal, platformName: WINDOWS, proxy: Proxy(), se:cdp: ws://localhost:50845/devtoo..., se:cdpVersion: 112.0.5615.138, setWindowRect: true, strictFileInteractability: false, timeouts: {implicit: 0, pageLoad: 300000, script: 30000}, unhandledPromptBehavior: dismiss and notify, webauthn:extension:credBlob: true, webauthn:extension:largeBlob: true, webauthn:extension:minPinLength: true, webauthn:extension:prf: true, webauthn:virtualAuthenticators: true}
Session ID: 3695c2dd76579886e5a1a337e4d926fc">
      <![CDATA[org.openqa.selenium.NoSuchElementException: no such element: Unable to locate element: {"method":"xpath","selector":"//input[@placeholder='Email']"}
  (Session info: chrome=112.0.5615.138)
For documentation on this error, please visit: https://selenium.dev/exceptions/#no_such_element
Build info: version: '4.8.1', revision: '8ebccac989'
System info: os.name: 'Windows 10', os.arch: 'amd64', os.version: '10.0', java.version: '17.0.5'
Driver info: org.openqa.selenium.chrome.ChromeDriver
Command: [3695c2dd76579886e5a1a337e4d926fc, findElement {using=xpath, value=//input[@placeholder='Email']}]
Capabilities {acceptInsecureCerts: false, browserName: chrome, browserVersion: 112.0.5615.138, chrome: {chromedriverVersion: 112.0.5615.49 (bd2a7bcb881c..., userDataDir: C:\Users\abhoil\AppData\Loc...}, goog:chromeOptions: {debuggerAddress: localhost:50845}, networkConnectionEnabled: false, pageLoadStrategy: normal, platformName: WINDOWS, proxy: Proxy(), se:cdp: ws://localhost:50845/devtoo..., se:cdpVersion: 112.0.5615.138, setWindowRect: true, strictFileInteractability: false, timeouts: {implicit: 0, pageLoad: 300000, script: 30000}, unhandledPromptBehavior: dismiss and notify, webauthn:extension:credBlob: true, webauthn:extension:largeBlob: true, webauthn:extension:minPinLength: true, webauthn:extension:prf: true, webauthn:virtualAuthenticators: true}
Session ID: 3695c2dd76579886e5a1a337e4d926fc
at org.openqa.selenium.remote.codec.w3c.W3CHttpResponseCodec.createException(W3CHttpResponseCodec.java:200)
at org.openqa.selenium.remote.codec.w3c.W3CHttpResponseCodec.decode(W3CHttpResponseCodec.java:133)
at org.openqa.selenium.remote.codec.w3c.W3CHttpResponseCodec.decode(W3CHttpResponseCodec.java:53)
at org.openqa.selenium.remote.HttpCommandExecutor.execute(HttpCommandExecutor.java:184)
at org.openqa.selenium.remote.service.DriverCommandExecutor.invokeExecute(DriverCommandExecutor.java:167)
at org.openqa.selenium.remote.service.DriverCommandExecutor.execute(DriverCommandExecutor.java:142)
at org.openqa.selenium.remote.RemoteWebDriver.execute(RemoteWebDriver.java:543)
at org.openqa.selenium.remote.ElementLocation$ElementFinder$2.findElement(ElementLocation.java:162)
at org.openqa.selenium.remote.ElementLocation.findElement(ElementLocation.java:60)
at org.openqa.selenium.remote.RemoteWebDriver.findElement(RemoteWebDriver.java:352)
at org.openqa.selenium.remote.RemoteWebDriver.findElement(RemoteWebDriver.java:344)
at org.openqa.selenium.support.pagefactory.DefaultElementLocator.findElement(DefaultElementLocator.java:70)
at org.openqa.selenium.support.pagefactory.internal.LocatingElementHandler.invoke(LocatingElementHandler.java:39)
at jdk.proxy2/jdk.proxy2.$Proxy17.sendKeys(Unknown Source)
at UBERTESTCASE.ProfileTest.Add_Email(ProfileTest.java:53)
at java.base/java.util.ArrayList.forEach(ArrayList.java:1511)
... Removed 32 stack frames]]>
    </failure>
  </testcase> <!-- Add_Email -->
  <testcase classname="UBERTESTCASE.ProfileTest" name="Tax_Button" time="3.096"/>
  <testcase classname="UBERTESTCASE.TaxProfileTest" name="Name_entercheck" time="3.294"/>
  <testcase classname="UBERTESTCASE.TaxProfileTest" name="Pan_Check" time="20.067">
    <failure type="org.openqa.selenium.NoSuchElementException" message="no such element: Unable to locate element: {&amp;quot;method&amp;quot;:&amp;quot;xpath&amp;quot;,&amp;quot;selector&amp;quot;:&amp;quot;//input[@id=&amp;apos;pan_no&amp;apos;]&amp;quot;}
  (Session info: chrome=112.0.5615.138)
For documentation on this error, please visit: https://selenium.dev/exceptions/#no_such_element
Build info: version: &amp;apos;4.8.1&amp;apos;, revision: &amp;apos;8ebccac989&amp;apos;
System info: os.name: &amp;apos;Windows 10&amp;apos;, os.arch: &amp;apos;amd64&amp;apos;, os.version: &amp;apos;10.0&amp;apos;, java.version: &amp;apos;17.0.5&amp;apos;
Driver info: org.openqa.selenium.chrome.ChromeDriver
Command: [1b9cbd87a4ed35e99c591dcd1056b558, findElement {using=xpath, value=//input[@id=&amp;apos;pan_no&amp;apos;]}]
Capabilities {acceptInsecureCerts: false, browserName: chrome, browserVersion: 112.0.5615.138, chrome: {chromedriverVersion: 112.0.5615.49 (bd2a7bcb881c..., userDataDir: C:\Users\abhoil\AppData\Loc...}, goog:chromeOptions: {debuggerAddress: localhost:50947}, networkConnectionEnabled: false, pageLoadStrategy: normal, platformName: WINDOWS, proxy: Proxy(), se:cdp: ws://localhost:50947/devtoo..., se:cdpVersion: 112.0.5615.138, setWindowRect: true, strictFileInteractability: false, timeouts: {implicit: 0, pageLoad: 300000, script: 30000}, unhandledPromptBehavior: dismiss and notify, webauthn:extension:credBlob: true, webauthn:extension:largeBlob: true, webauthn:extension:minPinLength: true, webauthn:extension:prf: true, webauthn:virtualAuthenticators: true}
Session ID: 1b9cbd87a4ed35e99c591dcd1056b558">
      <![CDATA[org.openqa.selenium.NoSuchElementException: no such element: Unable to locate element: {"method":"xpath","selector":"//input[@id='pan_no']"}
  (Session info: chrome=112.0.5615.138)
For documentation on this error, please visit: https://selenium.dev/exceptions/#no_such_element
Build info: version: '4.8.1', revision: '8ebccac989'
System info: os.name: 'Windows 10', os.arch: 'amd64', os.version: '10.0', java.version: '17.0.5'
Driver info: org.openqa.selenium.chrome.ChromeDriver
Command: [1b9cbd87a4ed35e99c591dcd1056b558, findElement {using=xpath, value=//input[@id='pan_no']}]
Capabilities {acceptInsecureCerts: false, browserName: chrome, browserVersion: 112.0.5615.138, chrome: {chromedriverVersion: 112.0.5615.49 (bd2a7bcb881c..., userDataDir: C:\Users\abhoil\AppData\Loc...}, goog:chromeOptions: {debuggerAddress: localhost:50947}, networkConnectionEnabled: false, pageLoadStrategy: normal, platformName: WINDOWS, proxy: Proxy(), se:cdp: ws://localhost:50947/devtoo..., se:cdpVersion: 112.0.5615.138, setWindowRect: true, strictFileInteractability: false, timeouts: {implicit: 0, pageLoad: 300000, script: 30000}, unhandledPromptBehavior: dismiss and notify, webauthn:extension:credBlob: true, webauthn:extension:largeBlob: true, webauthn:extension:minPinLength: true, webauthn:extension:prf: true, webauthn:virtualAuthenticators: true}
Session ID: 1b9cbd87a4ed35e99c591dcd1056b558
at org.openqa.selenium.remote.codec.w3c.W3CHttpResponseCodec.createException(W3CHttpResponseCodec.java:200)
at org.openqa.selenium.remote.codec.w3c.W3CHttpResponseCodec.decode(W3CHttpResponseCodec.java:133)
at org.openqa.selenium.remote.codec.w3c.W3CHttpResponseCodec.decode(W3CHttpResponseCodec.java:53)
at org.openqa.selenium.remote.HttpCommandExecutor.execute(HttpCommandExecutor.java:184)
at org.openqa.selenium.remote.service.DriverCommandExecutor.invokeExecute(DriverCommandExecutor.java:167)
at org.openqa.selenium.remote.service.DriverCommandExecutor.execute(DriverCommandExecutor.java:142)
at org.openqa.selenium.remote.RemoteWebDriver.execute(RemoteWebDriver.java:543)
at org.openqa.selenium.remote.ElementLocation$ElementFinder$2.findElement(ElementLocation.java:162)
at org.openqa.selenium.remote.ElementLocation.findElement(ElementLocation.java:60)
at org.openqa.selenium.remote.RemoteWebDriver.findElement(RemoteWebDriver.java:352)
at org.openqa.selenium.remote.RemoteWebDriver.findElement(RemoteWebDriver.java:344)
at org.openqa.selenium.support.pagefactory.DefaultElementLocator.findElement(DefaultElementLocator.java:70)
at org.openqa.selenium.support.pagefactory.internal.LocatingElementHandler.invoke(LocatingElementHandler.java:39)
at jdk.proxy2/jdk.proxy2.$Proxy17.click(Unknown Source)
at UBERTESTCASE.TaxProfileTest.Pan_Check(TaxProfileTest.java:42)
at java.base/java.util.ArrayList.forEach(ArrayList.java:1511)
... Removed 32 stack frames]]>
    </failure>
  </testcase> <!-- Pan_Check -->
  <testcase classname="UBERTESTCASE.TaxProfileTest" name="Street" time="3.526"/>
  <testcase classname="UBERTESTCASE.TaxProfileTest" name="CityEnter" time="3.242"/>
  <testcase classname="UBERTESTCASE.TaxProfileTest" name="StateEnter" time="20.046">
    <failure type="org.openqa.selenium.NoSuchElementException" message="no such element: Unable to locate element: {&amp;quot;method&amp;quot;:&amp;quot;xpath&amp;quot;,&amp;quot;selector&amp;quot;:&amp;quot;//input[@id=&amp;apos;state_code&amp;apos;]&amp;quot;}
  (Session info: chrome=112.0.5615.138)
For documentation on this error, please visit: https://selenium.dev/exceptions/#no_such_element
Build info: version: &amp;apos;4.8.1&amp;apos;, revision: &amp;apos;8ebccac989&amp;apos;
System info: os.name: &amp;apos;Windows 10&amp;apos;, os.arch: &amp;apos;amd64&amp;apos;, os.version: &amp;apos;10.0&amp;apos;, java.version: &amp;apos;17.0.5&amp;apos;
Driver info: org.openqa.selenium.chrome.ChromeDriver
Command: [1b9cbd87a4ed35e99c591dcd1056b558, findElement {using=xpath, value=//input[@id=&amp;apos;state_code&amp;apos;]}]
Capabilities {acceptInsecureCerts: false, browserName: chrome, browserVersion: 112.0.5615.138, chrome: {chromedriverVersion: 112.0.5615.49 (bd2a7bcb881c..., userDataDir: C:\Users\abhoil\AppData\Loc...}, goog:chromeOptions: {debuggerAddress: localhost:50947}, networkConnectionEnabled: false, pageLoadStrategy: normal, platformName: WINDOWS, proxy: Proxy(), se:cdp: ws://localhost:50947/devtoo..., se:cdpVersion: 112.0.5615.138, setWindowRect: true, strictFileInteractability: false, timeouts: {implicit: 0, pageLoad: 300000, script: 30000}, unhandledPromptBehavior: dismiss and notify, webauthn:extension:credBlob: true, webauthn:extension:largeBlob: true, webauthn:extension:minPinLength: true, webauthn:extension:prf: true, webauthn:virtualAuthenticators: true}
Session ID: 1b9cbd87a4ed35e99c591dcd1056b558">
      <![CDATA[org.openqa.selenium.NoSuchElementException: no such element: Unable to locate element: {"method":"xpath","selector":"//input[@id='state_code']"}
  (Session info: chrome=112.0.5615.138)
For documentation on this error, please visit: https://selenium.dev/exceptions/#no_such_element
Build info: version: '4.8.1', revision: '8ebccac989'
System info: os.name: 'Windows 10', os.arch: 'amd64', os.version: '10.0', java.version: '17.0.5'
Driver info: org.openqa.selenium.chrome.ChromeDriver
Command: [1b9cbd87a4ed35e99c591dcd1056b558, findElement {using=xpath, value=//input[@id='state_code']}]
Capabilities {acceptInsecureCerts: false, browserName: chrome, browserVersion: 112.0.5615.138, chrome: {chromedriverVersion: 112.0.5615.49 (bd2a7bcb881c..., userDataDir: C:\Users\abhoil\AppData\Loc...}, goog:chromeOptions: {debuggerAddress: localhost:50947}, networkConnectionEnabled: false, pageLoadStrategy: normal, platformName: WINDOWS, proxy: Proxy(), se:cdp: ws://localhost:50947/devtoo..., se:cdpVersion: 112.0.5615.138, setWindowRect: true, strictFileInteractability: false, timeouts: {implicit: 0, pageLoad: 300000, script: 30000}, unhandledPromptBehavior: dismiss and notify, webauthn:extension:credBlob: true, webauthn:extension:largeBlob: true, webauthn:extension:minPinLength: true, webauthn:extension:prf: true, webauthn:virtualAuthenticators: true}
Session ID: 1b9cbd87a4ed35e99c591dcd1056b558
at org.openqa.selenium.remote.codec.w3c.W3CHttpResponseCodec.createException(W3CHttpResponseCodec.java:200)
at org.openqa.selenium.remote.codec.w3c.W3CHttpResponseCodec.decode(W3CHttpResponseCodec.java:133)
at org.openqa.selenium.remote.codec.w3c.W3CHttpResponseCodec.decode(W3CHttpResponseCodec.java:53)
at org.openqa.selenium.remote.HttpCommandExecutor.execute(HttpCommandExecutor.java:184)
at org.openqa.selenium.remote.service.DriverCommandExecutor.invokeExecute(DriverCommandExecutor.java:167)
at org.openqa.selenium.remote.service.DriverCommandExecutor.execute(DriverCommandExecutor.java:142)
at org.openqa.selenium.remote.RemoteWebDriver.execute(RemoteWebDriver.java:543)
at org.openqa.selenium.remote.ElementLocation$ElementFinder$2.findElement(ElementLocation.java:162)
at org.openqa.selenium.remote.ElementLocation.findElement(ElementLocation.java:60)
at org.openqa.selenium.remote.RemoteWebDriver.findElement(RemoteWebDriver.java:352)
at org.openqa.selenium.remote.RemoteWebDriver.findElement(RemoteWebDriver.java:344)
at org.openqa.selenium.support.pagefactory.DefaultElementLocator.findElement(DefaultElementLocator.java:70)
at org.openqa.selenium.support.pagefactory.internal.LocatingElementHandler.invoke(LocatingElementHandler.java:39)
at jdk.proxy2/jdk.proxy2.$Proxy17.click(Unknown Source)
at UBERTESTCASE.TaxProfileTest.StateEnter(TaxProfileTest.java:67)
at java.base/java.util.ArrayList.forEach(ArrayList.java:1511)
... Removed 32 stack frames]]>
    </failure>
  </testcase> <!-- StateEnter -->
  <testcase classname="UBERTESTCASE.Uberbusinesstest1" name="navigate" time="0.026"/>
  <testcase classname="UBERTESTCASE.Uberbusinesstest1" name="logoVisiblity" time="0.049"/>
  <testcase classname="UBERTESTCASE.Uberbusinesstest1" name="how" time="5.593"/>
  <testcase classname="UBERTESTCASE.Uberbusinesstest1" name="solutions" time="5.603"/>
  <testcase classname="UBERTESTCASE.Uberbusinesstest1" name="industry" time="5.625"/>
  <testcase classname="UBERTESTCASE.Uberbusinesstest1" name="resources" time="5.93"/>
  <testcase classname="UBERTESTCASE.Uberbusinesstest1" name="Language_change1" time="10.377"/>
  <testcase classname="UBERTESTCASE.Uberbusinesstest1" name="Contactus_Check" time="41.457"/>
  <testcase classname="UBERTESTCASE.Uberbusinesstest1" name="Login_Check" time="13.683"/>
  <testcase classname="UBERTESTCASE.Uberbusinesstest1" name="login_do" time="4.435"/>
  <testcase classname="UBERTESTCASE.Uberbusinesstest1" name="Check_Solution" time="6.965"/>
  <testcase classname="UBERTESTCASE.Uberbusinesstest1" name="Buisness_travel" time="7.627"/>
  <testcase classname="UBERTESTCASE.Uberbusinesstest1" name="courtsey" time="8.124"/>
  <testcase classname="UBERTESTCASE.Uberbusinesstest1" name="Meal_ch" time="6.797"/>
  <testcase classname="UBERTESTCASE.Uberbusinesstest1" name="see_how" time="6.756"/>
  <testcase classname="UBERTESTCASE.Uberbusinesstest1" name="Find_out" time="6.446"/>
  <testcase classname="UBERTESTCASE.Uberbusinesstest1" name="Keep_read" time="6.336"/>
  <testcase classname="UBERTESTCASE.Uberbusinesstest1" name="VistHelp_check" time="10.325"/>
  <testcase classname="UBERTESTCASE.Uberbusinesstest1" name="About_ch" time="8.265"/>
  <testcase classname="UBERTESTCASE.Uberbusinesstest1" name="NewsRoom_ch" time="13.76"/>
  <testcase classname="UBERTESTCASE.Uberbusinesstest1" name="Blog_ch" time="1.243">
    <failure type="org.openqa.selenium.ElementClickInterceptedException" message="element click intercepted: Element &amp;lt;a data-baseweb=&amp;quot;link&amp;quot; href=&amp;quot;https://www.uber.com/blog/business/&amp;quot; aria-label=&amp;quot;&amp;quot; target=&amp;quot;_self&amp;quot; data-tracking-name=&amp;quot;_e1c9bbc4-6eef-4558-bde5-729e9e6ede5a_group1.childNodes[1].link_cta6&amp;quot; class=&amp;quot;css-qNlYD&amp;quot;&amp;gt;...&amp;lt;/a&amp;gt; is not clickable at point (198, 698). Other element would receive the click: &amp;lt;div data-baseweb=&amp;quot;block&amp;quot; class=&amp;quot;css-fgnYQG css-kiywgR&amp;quot;&amp;gt;...&amp;lt;/div&amp;gt;
  (Session info: chrome=112.0.5615.138)
Build info: version: &amp;apos;4.8.1&amp;apos;, revision: &amp;apos;8ebccac989&amp;apos;
System info: os.name: &amp;apos;Windows 10&amp;apos;, os.arch: &amp;apos;amd64&amp;apos;, os.version: &amp;apos;10.0&amp;apos;, java.version: &amp;apos;17.0.5&amp;apos;
Driver info: org.openqa.selenium.chrome.ChromeDriver
Command: [346eb33ac8da47e355b065ae540ee93a, clickElement {id=8b0aa196-33f8-46ad-8ff8-0f814c3e5a7e}]
Capabilities {acceptInsecureCerts: false, browserName: chrome, browserVersion: 112.0.5615.138, chrome: {chromedriverVersion: 112.0.5615.49 (bd2a7bcb881c..., userDataDir: C:\Users\abhoil\AppData\Loc...}, goog:chromeOptions: {debuggerAddress: localhost:51060}, networkConnectionEnabled: false, pageLoadStrategy: normal, platformName: WINDOWS, proxy: Proxy(), se:cdp: ws://localhost:51060/devtoo..., se:cdpVersion: 112.0.5615.138, setWindowRect: true, strictFileInteractability: false, timeouts: {implicit: 0, pageLoad: 300000, script: 30000}, unhandledPromptBehavior: dismiss and notify, webauthn:extension:credBlob: true, webauthn:extension:largeBlob: true, webauthn:extension:minPinLength: true, webauthn:extension:prf: true, webauthn:virtualAuthenticators: true}
Element: [[ChromeDriver: chrome on WINDOWS (346eb33ac8da47e355b065ae540ee93a)] -&amp;gt; xpath: (//a[@class=&amp;apos;css-qNlYD&amp;apos;])[2]]
Session ID: 346eb33ac8da47e355b065ae540ee93a">
      <![CDATA[org.openqa.selenium.ElementClickInterceptedException: element click intercepted: Element <a data-baseweb="link" href="https://www.uber.com/blog/business/" aria-label="" target="_self" data-tracking-name="_e1c9bbc4-6eef-4558-bde5-729e9e6ede5a_group1.childNodes[1].link_cta6" class="css-qNlYD">...</a> is not clickable at point (198, 698). Other element would receive the click: <div data-baseweb="block" class="css-fgnYQG css-kiywgR">...</div>
  (Session info: chrome=112.0.5615.138)
Build info: version: '4.8.1', revision: '8ebccac989'
System info: os.name: 'Windows 10', os.arch: 'amd64', os.version: '10.0', java.version: '17.0.5'
Driver info: org.openqa.selenium.chrome.ChromeDriver
Command: [346eb33ac8da47e355b065ae540ee93a, clickElement {id=8b0aa196-33f8-46ad-8ff8-0f814c3e5a7e}]
Capabilities {acceptInsecureCerts: false, browserName: chrome, browserVersion: 112.0.5615.138, chrome: {chromedriverVersion: 112.0.5615.49 (bd2a7bcb881c..., userDataDir: C:\Users\abhoil\AppData\Loc...}, goog:chromeOptions: {debuggerAddress: localhost:51060}, networkConnectionEnabled: false, pageLoadStrategy: normal, platformName: WINDOWS, proxy: Proxy(), se:cdp: ws://localhost:51060/devtoo..., se:cdpVersion: 112.0.5615.138, setWindowRect: true, strictFileInteractability: false, timeouts: {implicit: 0, pageLoad: 300000, script: 30000}, unhandledPromptBehavior: dismiss and notify, webauthn:extension:credBlob: true, webauthn:extension:largeBlob: true, webauthn:extension:minPinLength: true, webauthn:extension:prf: true, webauthn:virtualAuthenticators: true}
Element: [[ChromeDriver: chrome on WINDOWS (346eb33ac8da47e355b065ae540ee93a)] -> xpath: (//a[@class='css-qNlYD'])[2]]
Session ID: 346eb33ac8da47e355b065ae540ee93a
at org.openqa.selenium.remote.codec.w3c.W3CHttpResponseCodec.createException(W3CHttpResponseCodec.java:200)
at org.openqa.selenium.remote.codec.w3c.W3CHttpResponseCodec.decode(W3CHttpResponseCodec.java:133)
at org.openqa.selenium.remote.codec.w3c.W3CHttpResponseCodec.decode(W3CHttpResponseCodec.java:53)
at org.openqa.selenium.remote.HttpCommandExecutor.execute(HttpCommandExecutor.java:184)
at org.openqa.selenium.remote.service.DriverCommandExecutor.invokeExecute(DriverCommandExecutor.java:167)
at org.openqa.selenium.remote.service.DriverCommandExecutor.execute(DriverCommandExecutor.java:142)
at org.openqa.selenium.remote.RemoteWebDriver.execute(RemoteWebDriver.java:543)
at org.openqa.selenium.remote.RemoteWebElement.execute(RemoteWebElement.java:257)
at org.openqa.selenium.remote.RemoteWebElement.click(RemoteWebElement.java:78)
at org.openqa.selenium.support.pagefactory.internal.LocatingElementHandler.invoke(LocatingElementHandler.java:52)
at jdk.proxy2/jdk.proxy2.$Proxy17.click(Unknown Source)
at UBERTESTCASE.Uberbusinesstest1.Blog_ch(Uberbusinesstest1.java:278)
at java.base/java.util.ArrayList.forEach(ArrayList.java:1511)
... Removed 35 stack frames]]>
    </failure>
  </testcase> <!-- Blog_ch -->
  <testcase classname="UBERTESTCASE.Uberbusinesstest1" name="careers_ch" time="1.145">
    <failure type="org.openqa.selenium.ElementClickInterceptedException" message="element click intercepted: Element &amp;lt;a data-baseweb=&amp;quot;link&amp;quot; href=&amp;quot;https://www.uber.com/in/en/careers/&amp;quot; aria-label=&amp;quot;&amp;quot; target=&amp;quot;_self&amp;quot; data-tracking-name=&amp;quot;_e1c9bbc4-6eef-4558-bde5-729e9e6ede5a_group1.childNodes[2].link_cta7&amp;quot; class=&amp;quot;css-qNlYD&amp;quot;&amp;gt;...&amp;lt;/a&amp;gt; is not clickable at point (208, 698). Other element would receive the click: &amp;lt;div data-baseweb=&amp;quot;block&amp;quot; class=&amp;quot;css-fgnYQG css-kiywgR&amp;quot;&amp;gt;...&amp;lt;/div&amp;gt;
  (Session info: chrome=112.0.5615.138)
Build info: version: &amp;apos;4.8.1&amp;apos;, revision: &amp;apos;8ebccac989&amp;apos;
System info: os.name: &amp;apos;Windows 10&amp;apos;, os.arch: &amp;apos;amd64&amp;apos;, os.version: &amp;apos;10.0&amp;apos;, java.version: &amp;apos;17.0.5&amp;apos;
Driver info: org.openqa.selenium.chrome.ChromeDriver
Command: [346eb33ac8da47e355b065ae540ee93a, clickElement {id=9f42f978-a97d-4f7e-9f68-e4d864c43ab6}]
Capabilities {acceptInsecureCerts: false, browserName: chrome, browserVersion: 112.0.5615.138, chrome: {chromedriverVersion: 112.0.5615.49 (bd2a7bcb881c..., userDataDir: C:\Users\abhoil\AppData\Loc...}, goog:chromeOptions: {debuggerAddress: localhost:51060}, networkConnectionEnabled: false, pageLoadStrategy: normal, platformName: WINDOWS, proxy: Proxy(), se:cdp: ws://localhost:51060/devtoo..., se:cdpVersion: 112.0.5615.138, setWindowRect: true, strictFileInteractability: false, timeouts: {implicit: 0, pageLoad: 300000, script: 30000}, unhandledPromptBehavior: dismiss and notify, webauthn:extension:credBlob: true, webauthn:extension:largeBlob: true, webauthn:extension:minPinLength: true, webauthn:extension:prf: true, webauthn:virtualAuthenticators: true}
Element: [[ChromeDriver: chrome on WINDOWS (346eb33ac8da47e355b065ae540ee93a)] -&amp;gt; xpath: (//a[@class=&amp;apos;css-qNlYD&amp;apos;])[3]]
Session ID: 346eb33ac8da47e355b065ae540ee93a">
      <![CDATA[org.openqa.selenium.ElementClickInterceptedException: element click intercepted: Element <a data-baseweb="link" href="https://www.uber.com/in/en/careers/" aria-label="" target="_self" data-tracking-name="_e1c9bbc4-6eef-4558-bde5-729e9e6ede5a_group1.childNodes[2].link_cta7" class="css-qNlYD">...</a> is not clickable at point (208, 698). Other element would receive the click: <div data-baseweb="block" class="css-fgnYQG css-kiywgR">...</div>
  (Session info: chrome=112.0.5615.138)
Build info: version: '4.8.1', revision: '8ebccac989'
System info: os.name: 'Windows 10', os.arch: 'amd64', os.version: '10.0', java.version: '17.0.5'
Driver info: org.openqa.selenium.chrome.ChromeDriver
Command: [346eb33ac8da47e355b065ae540ee93a, clickElement {id=9f42f978-a97d-4f7e-9f68-e4d864c43ab6}]
Capabilities {acceptInsecureCerts: false, browserName: chrome, browserVersion: 112.0.5615.138, chrome: {chromedriverVersion: 112.0.5615.49 (bd2a7bcb881c..., userDataDir: C:\Users\abhoil\AppData\Loc...}, goog:chromeOptions: {debuggerAddress: localhost:51060}, networkConnectionEnabled: false, pageLoadStrategy: normal, platformName: WINDOWS, proxy: Proxy(), se:cdp: ws://localhost:51060/devtoo..., se:cdpVersion: 112.0.5615.138, setWindowRect: true, strictFileInteractability: false, timeouts: {implicit: 0, pageLoad: 300000, script: 30000}, unhandledPromptBehavior: dismiss and notify, webauthn:extension:credBlob: true, webauthn:extension:largeBlob: true, webauthn:extension:minPinLength: true, webauthn:extension:prf: true, webauthn:virtualAuthenticators: true}
Element: [[ChromeDriver: chrome on WINDOWS (346eb33ac8da47e355b065ae540ee93a)] -> xpath: (//a[@class='css-qNlYD'])[3]]
Session ID: 346eb33ac8da47e355b065ae540ee93a
at org.openqa.selenium.remote.codec.w3c.W3CHttpResponseCodec.createException(W3CHttpResponseCodec.java:200)
at org.openqa.selenium.remote.codec.w3c.W3CHttpResponseCodec.decode(W3CHttpResponseCodec.java:133)
at org.openqa.selenium.remote.codec.w3c.W3CHttpResponseCodec.decode(W3CHttpResponseCodec.java:53)
at org.openqa.selenium.remote.HttpCommandExecutor.execute(HttpCommandExecutor.java:184)
at org.openqa.selenium.remote.service.DriverCommandExecutor.invokeExecute(DriverCommandExecutor.java:167)
at org.openqa.selenium.remote.service.DriverCommandExecutor.execute(DriverCommandExecutor.java:142)
at org.openqa.selenium.remote.RemoteWebDriver.execute(RemoteWebDriver.java:543)
at org.openqa.selenium.remote.RemoteWebElement.execute(RemoteWebElement.java:257)
at org.openqa.selenium.remote.RemoteWebElement.click(RemoteWebElement.java:78)
at org.openqa.selenium.support.pagefactory.internal.LocatingElementHandler.invoke(LocatingElementHandler.java:52)
at jdk.proxy2/jdk.proxy2.$Proxy17.click(Unknown Source)
at UBERTESTCASE.Uberbusinesstest1.careers_ch(Uberbusinesstest1.java:286)
at java.base/java.util.ArrayList.forEach(ArrayList.java:1511)
... Removed 35 stack frames]]>
    </failure>
  </testcase> <!-- careers_ch -->
  <testcase classname="UBERTESTCASE.FreightTest" name="LogoF_check" time="0.046"/>
  <testcase classname="UBERTESTCASE.FreightTest" name="Shipperb_Check" time="23.411"/>
  <testcase classname="UBERTESTCASE.FreightTest" name="GetAnInstant_check" time="6.599"/>
  <testcase classname="UBERTESTCASE.FreightTest" name="quote_details" time="12.56"/>
  <testcase classname="UBERTESTCASE.FreightTest" name="GetFreightbutton" time="4.65"/>
  <testcase classname="UBERTESTCASE.FreightTest" name="Carrierbt_Check" time="11.536"/>
  <testcase classname="UBERTESTCASE.FreightTest" name="Resourcebt_ch" time="0.127"/>
  <testcase classname="UBERTESTCASE.FreightTest" name="resourceitems_check" time="4.563"/>
  <testcase classname="UBERTESTCASE.FreightTest" name="Company_btCheck" time="0.182"/>
  <testcase classname="UBERTESTCASE.FreightTest" name="CompanuItem_ch" time="3.473"/>
  <testcase classname="UBERTESTCASE.FreightTest" name="support_btCheck" time="0.18"/>
  <testcase classname="UBERTESTCASE.FreightTest" name="supportItem_ch" time="5.178"/>
  <testcase classname="UBERTESTCASE.FreightTest" name="ship_with" time="2.078"/>
  <testcase classname="UBERTESTCASE.FreightTest" name="Request_demo" time="1.48"/>
  <testcase classname="UBERTESTCASE.FreightTest" name="Request_details" time="2.593"/>
  <testcase classname="UBERTESTCASE.FreightTest" name="CoonectWithexpert" time="2.576"/>
  <testcase classname="UBERTESTCASE.FreightTest" name="playvideo" time="6.975"/>
  <testcase classname="UBERTESTCASE.FreightTest" name="language_cha" time="8.921"/>
  <testcase classname="UBERTESTCASE.FreightTest" name="Modes_chec" time="2.935"/>
  <testcase classname="UBERTESTCASE.FreightTest" name="cross_chec" time="2.798"/>
  <testcase classname="UBERTESTCASE.FreightTest" name="sc_check" time="2.831"/>
  <testcase classname="UBERTESTCASE.Uberbusinesstest1" name="Getstarted" time="0.0">
    <ignored/>
  </testcase> <!-- Getstarted -->
</testsuite> <!-- Test -->
