<?xml version="1.0" encoding="UTF-8"?>
<!-- Generated by org.testng.reporters.JUnitReportReporter -->
<testsuite hostname="BINTERNS-QA47L" failures="0" tests="23" name="UBERTESTCASE.Uberbusinesstest1" time="176.567" errors="2" timestamp="2023-05-02T11:26:04 IST" skipped="1">
  <testcase classname="UBERTESTCASE.Uberbusinesstest1" name="navigate" time="0.026"/>
  <system-out/>
  <testcase classname="UBERTESTCASE.Uberbusinesstest1" name="logoVisiblity" time="0.049"/>
  <system-out/>
  <testcase classname="UBERTESTCASE.Uberbusinesstest1" name="how" time="5.593"/>
  <system-out/>
  <testcase classname="UBERTESTCASE.Uberbusinesstest1" name="solutions" time="5.603"/>
  <system-out/>
  <testcase classname="UBERTESTCASE.Uberbusinesstest1" name="industry" time="5.625"/>
  <system-out/>
  <testcase classname="UBERTESTCASE.Uberbusinesstest1" name="resources" time="5.930"/>
  <system-out/>
  <testcase classname="UBERTESTCASE.Uberbusinesstest1" name="Language_change1" time="10.377"/>
  <system-out/>
  <testcase classname="UBERTESTCASE.Uberbusinesstest1" name="Contactus_Check" time="41.457"/>
  <system-out/>
  <testcase classname="UBERTESTCASE.Uberbusinesstest1" name="Login_Check" time="13.683"/>
  <system-out/>
  <testcase classname="UBERTESTCASE.Uberbusinesstest1" name="login_do" time="4.435"/>
  <system-out/>
  <testcase classname="UBERTESTCASE.Uberbusinesstest1" name="Check_Solution" time="6.965"/>
  <system-out/>
  <testcase classname="UBERTESTCASE.Uberbusinesstest1" name="Buisness_travel" time="7.627"/>
  <system-out/>
  <testcase classname="UBERTESTCASE.Uberbusinesstest1" name="courtsey" time="8.124"/>
  <system-out/>
  <testcase classname="UBERTESTCASE.Uberbusinesstest1" name="Meal_ch" time="6.797"/>
  <system-out/>
  <testcase classname="UBERTESTCASE.Uberbusinesstest1" name="see_how" time="6.756"/>
  <system-out/>
  <testcase classname="UBERTESTCASE.Uberbusinesstest1" name="Find_out" time="6.446"/>
  <system-out/>
  <testcase classname="UBERTESTCASE.Uberbusinesstest1" name="Keep_read" time="6.336"/>
  <system-out/>
  <testcase classname="UBERTESTCASE.Uberbusinesstest1" name="VistHelp_check" time="10.325"/>
  <system-out/>
  <testcase classname="UBERTESTCASE.Uberbusinesstest1" name="About_ch" time="8.265"/>
  <system-out/>
  <testcase classname="UBERTESTCASE.Uberbusinesstest1" name="NewsRoom_ch" time="13.760"/>
  <system-out/>
  <testcase classname="UBERTESTCASE.Uberbusinesstest1" name="Blog_ch" time="1.243">
    <error message="element click intercepted: Element &lt;a data-baseweb=&quot;link&quot; href=&quot;https://www.uber.com/blog/business/&quot; aria-label=&quot;&quot; target=&quot;_self&quot; data-tracking-name=&quot;_e1c9bbc4-6eef-4558-bde5-729e9e6ede5a_group1.childNodes[1].link_cta6&quot; class=&quot;css-qNlYD&quot;&gt;...&lt;/a&gt; is not clickable at point (198, 698). Other element would receive the click: &lt;div data-baseweb=&quot;block&quot; class=&quot;css-fgnYQG css-kiywgR&quot;&gt;...&lt;/div&gt;
  (Session info: chrome=112.0.5615.138)
Build info: version: &#039;4.8.1&#039;, revision: &#039;8ebccac989&#039;
System info: os.name: &#039;Windows 10&#039;, os.arch: &#039;amd64&#039;, os.version: &#039;10.0&#039;, java.version: &#039;17.0.5&#039;
Driver info: org.openqa.selenium.chrome.ChromeDriver
Command: [346eb33ac8da47e355b065ae540ee93a, clickElement {id=8b0aa196-33f8-46ad-8ff8-0f814c3e5a7e}]
Capabilities {acceptInsecureCerts: false, browserName: chrome, browserVersion: 112.0.5615.138, chrome: {chromedriverVersion: 112.0.5615.49 (bd2a7bcb881c..., userDataDir: C:\Users\abhoil\AppData\Loc...}, goog:chromeOptions: {debuggerAddress: localhost:51060}, networkConnectionEnabled: false, pageLoadStrategy: normal, platformName: WINDOWS, proxy: Proxy(), se:cdp: ws://localhost:51060/devtoo..., se:cdpVersion: 112.0.5615.138, setWindowRect: true, strictFileInteractability: false, timeouts: {implicit: 0, pageLoad: 300000, script: 30000}, unhandledPromptBehavior: dismiss and notify, webauthn:extension:credBlob: true, webauthn:extension:largeBlob: true, webauthn:extension:minPinLength: true, webauthn:extension:prf: true, webauthn:virtualAuthenticators: true}
Element: [[ChromeDriver: chrome on WINDOWS (346eb33ac8da47e355b065ae540ee93a)] -&gt; xpath: (//a[@class=&#039;css-qNlYD&#039;])[2]]
Session ID: 346eb33ac8da47e355b065ae540ee93a" type="org.openqa.selenium.ElementClickInterceptedException">
      <![CDATA[org.openqa.selenium.ElementClickInterceptedException: element click intercepted: Element <a data-baseweb="link" href="https://www.uber.com/blog/business/" aria-label="" target="_self" data-tracking-name="_e1c9bbc4-6eef-4558-bde5-729e9e6ede5a_group1.childNodes[1].link_cta6" class="css-qNlYD">...</a> is not clickable at point (198, 698). Other element would receive the click: <div data-baseweb="block" class="css-fgnYQG css-kiywgR">...</div>
  (Session info: chrome=112.0.5615.138)
Build info: version: '4.8.1', revision: '8ebccac989'
System info: os.name: 'Windows 10', os.arch: 'amd64', os.version: '10.0', java.version: '17.0.5'
Driver info: org.openqa.selenium.chrome.ChromeDriver
Command: [346eb33ac8da47e355b065ae540ee93a, clickElement {id=8b0aa196-33f8-46ad-8ff8-0f814c3e5a7e}]
Capabilities {acceptInsecureCerts: false, browserName: chrome, browserVersion: 112.0.5615.138, chrome: {chromedriverVersion: 112.0.5615.49 (bd2a7bcb881c..., userDataDir: C:\Users\abhoil\AppData\Loc...}, goog:chromeOptions: {debuggerAddress: localhost:51060}, networkConnectionEnabled: false, pageLoadStrategy: normal, platformName: WINDOWS, proxy: Proxy(), se:cdp: ws://localhost:51060/devtoo..., se:cdpVersion: 112.0.5615.138, setWindowRect: true, strictFileInteractability: false, timeouts: {implicit: 0, pageLoad: 300000, script: 30000}, unhandledPromptBehavior: dismiss and notify, webauthn:extension:credBlob: true, webauthn:extension:largeBlob: true, webauthn:extension:minPinLength: true, webauthn:extension:prf: true, webauthn:virtualAuthenticators: true}
Element: [[ChromeDriver: chrome on WINDOWS (346eb33ac8da47e355b065ae540ee93a)] -> xpath: (//a[@class='css-qNlYD'])[2]]
Session ID: 346eb33ac8da47e355b065ae540ee93a
at java.base/jdk.internal.reflect.NativeConstructorAccessorImpl.newInstance0(Native Method)
at java.base/jdk.internal.reflect.NativeConstructorAccessorImpl.newInstance(NativeConstructorAccessorImpl.java:77)
at java.base/jdk.internal.reflect.DelegatingConstructorAccessorImpl.newInstance(DelegatingConstructorAccessorImpl.java:45)
at java.base/java.lang.reflect.Constructor.newInstanceWithCaller(Constructor.java:499)
at java.base/java.lang.reflect.Constructor.newInstance(Constructor.java:480)
at org.openqa.selenium.remote.codec.w3c.W3CHttpResponseCodec.createException(W3CHttpResponseCodec.java:200)
at org.openqa.selenium.remote.codec.w3c.W3CHttpResponseCodec.decode(W3CHttpResponseCodec.java:133)
at org.openqa.selenium.remote.codec.w3c.W3CHttpResponseCodec.decode(W3CHttpResponseCodec.java:53)
at org.openqa.selenium.remote.HttpCommandExecutor.execute(HttpCommandExecutor.java:184)
at org.openqa.selenium.remote.service.DriverCommandExecutor.invokeExecute(DriverCommandExecutor.java:167)
at org.openqa.selenium.remote.service.DriverCommandExecutor.execute(DriverCommandExecutor.java:142)
at org.openqa.selenium.remote.RemoteWebDriver.execute(RemoteWebDriver.java:543)
at org.openqa.selenium.remote.RemoteWebElement.execute(RemoteWebElement.java:257)
at org.openqa.selenium.remote.RemoteWebElement.click(RemoteWebElement.java:78)
at jdk.internal.reflect.GeneratedMethodAccessor1.invoke(Unknown Source)
at java.base/jdk.internal.reflect.DelegatingMethodAccessorImpl.invoke(DelegatingMethodAccessorImpl.java:43)
at java.base/java.lang.reflect.Method.invoke(Method.java:568)
at org.openqa.selenium.support.pagefactory.internal.LocatingElementHandler.invoke(LocatingElementHandler.java:52)
at jdk.proxy2/jdk.proxy2.$Proxy17.click(Unknown Source)
at UBERTESTCASE.Uberbusinesstest1.Blog_ch(Uberbusinesstest1.java:278)
at java.base/jdk.internal.reflect.NativeMethodAccessorImpl.invoke0(Native Method)
at java.base/jdk.internal.reflect.NativeMethodAccessorImpl.invoke(NativeMethodAccessorImpl.java:77)
at java.base/jdk.internal.reflect.DelegatingMethodAccessorImpl.invoke(DelegatingMethodAccessorImpl.java:43)
at java.base/java.lang.reflect.Method.invoke(Method.java:568)
at org.testng.internal.invokers.MethodInvocationHelper.invokeMethod(MethodInvocationHelper.java:139)
at org.testng.internal.invokers.TestInvoker.invokeMethod(TestInvoker.java:677)
at org.testng.internal.invokers.TestInvoker.invokeTestMethod(TestInvoker.java:221)
at org.testng.internal.invokers.MethodRunner.runInSequence(MethodRunner.java:50)
at org.testng.internal.invokers.TestInvoker$MethodInvocationAgent.invoke(TestInvoker.java:969)
at org.testng.internal.invokers.TestInvoker.invokeTestMethods(TestInvoker.java:194)
at org.testng.internal.invokers.TestMethodWorker.invokeTestMethods(TestMethodWorker.java:148)
at org.testng.internal.invokers.TestMethodWorker.run(TestMethodWorker.java:128)
at java.base/java.util.ArrayList.forEach(ArrayList.java:1511)
at org.testng.TestRunner.privateRun(TestRunner.java:829)
at org.testng.TestRunner.run(TestRunner.java:602)
at org.testng.SuiteRunner.runTest(SuiteRunner.java:437)
at org.testng.SuiteRunner.runSequentially(SuiteRunner.java:431)
at org.testng.SuiteRunner.privateRun(SuiteRunner.java:391)
at org.testng.SuiteRunner.run(SuiteRunner.java:330)
at org.testng.SuiteRunnerWorker.runSuite(SuiteRunnerWorker.java:52)
at org.testng.SuiteRunnerWorker.run(SuiteRunnerWorker.java:95)
at org.testng.TestNG.runSuitesSequentially(TestNG.java:1256)
at org.testng.TestNG.runSuitesLocally(TestNG.java:1176)
at org.testng.TestNG.runSuites(TestNG.java:1099)
at org.testng.TestNG.run(TestNG.java:1067)
at org.testng.remote.AbstractRemoteTestNG.run(AbstractRemoteTestNG.java:115)
at org.testng.remote.RemoteTestNG.initAndRun(RemoteTestNG.java:251)
at org.testng.remote.RemoteTestNG.main(RemoteTestNG.java:77)
]]>
    </error>
  </testcase> <!-- Blog_ch -->
  <system-out/>
  <testcase classname="UBERTESTCASE.Uberbusinesstest1" name="careers_ch" time="1.145">
    <error message="element click intercepted: Element &lt;a data-baseweb=&quot;link&quot; href=&quot;https://www.uber.com/in/en/careers/&quot; aria-label=&quot;&quot; target=&quot;_self&quot; data-tracking-name=&quot;_e1c9bbc4-6eef-4558-bde5-729e9e6ede5a_group1.childNodes[2].link_cta7&quot; class=&quot;css-qNlYD&quot;&gt;...&lt;/a&gt; is not clickable at point (208, 698). Other element would receive the click: &lt;div data-baseweb=&quot;block&quot; class=&quot;css-fgnYQG css-kiywgR&quot;&gt;...&lt;/div&gt;
  (Session info: chrome=112.0.5615.138)
Build info: version: &#039;4.8.1&#039;, revision: &#039;8ebccac989&#039;
System info: os.name: &#039;Windows 10&#039;, os.arch: &#039;amd64&#039;, os.version: &#039;10.0&#039;, java.version: &#039;17.0.5&#039;
Driver info: org.openqa.selenium.chrome.ChromeDriver
Command: [346eb33ac8da47e355b065ae540ee93a, clickElement {id=9f42f978-a97d-4f7e-9f68-e4d864c43ab6}]
Capabilities {acceptInsecureCerts: false, browserName: chrome, browserVersion: 112.0.5615.138, chrome: {chromedriverVersion: 112.0.5615.49 (bd2a7bcb881c..., userDataDir: C:\Users\abhoil\AppData\Loc...}, goog:chromeOptions: {debuggerAddress: localhost:51060}, networkConnectionEnabled: false, pageLoadStrategy: normal, platformName: WINDOWS, proxy: Proxy(), se:cdp: ws://localhost:51060/devtoo..., se:cdpVersion: 112.0.5615.138, setWindowRect: true, strictFileInteractability: false, timeouts: {implicit: 0, pageLoad: 300000, script: 30000}, unhandledPromptBehavior: dismiss and notify, webauthn:extension:credBlob: true, webauthn:extension:largeBlob: true, webauthn:extension:minPinLength: true, webauthn:extension:prf: true, webauthn:virtualAuthenticators: true}
Element: [[ChromeDriver: chrome on WINDOWS (346eb33ac8da47e355b065ae540ee93a)] -&gt; xpath: (//a[@class=&#039;css-qNlYD&#039;])[3]]
Session ID: 346eb33ac8da47e355b065ae540ee93a" type="org.openqa.selenium.ElementClickInterceptedException">
      <![CDATA[org.openqa.selenium.ElementClickInterceptedException: element click intercepted: Element <a data-baseweb="link" href="https://www.uber.com/in/en/careers/" aria-label="" target="_self" data-tracking-name="_e1c9bbc4-6eef-4558-bde5-729e9e6ede5a_group1.childNodes[2].link_cta7" class="css-qNlYD">...</a> is not clickable at point (208, 698). Other element would receive the click: <div data-baseweb="block" class="css-fgnYQG css-kiywgR">...</div>
  (Session info: chrome=112.0.5615.138)
Build info: version: '4.8.1', revision: '8ebccac989'
System info: os.name: 'Windows 10', os.arch: 'amd64', os.version: '10.0', java.version: '17.0.5'
Driver info: org.openqa.selenium.chrome.ChromeDriver
Command: [346eb33ac8da47e355b065ae540ee93a, clickElement {id=9f42f978-a97d-4f7e-9f68-e4d864c43ab6}]
Capabilities {acceptInsecureCerts: false, browserName: chrome, browserVersion: 112.0.5615.138, chrome: {chromedriverVersion: 112.0.5615.49 (bd2a7bcb881c..., userDataDir: C:\Users\abhoil\AppData\Loc...}, goog:chromeOptions: {debuggerAddress: localhost:51060}, networkConnectionEnabled: false, pageLoadStrategy: normal, platformName: WINDOWS, proxy: Proxy(), se:cdp: ws://localhost:51060/devtoo..., se:cdpVersion: 112.0.5615.138, setWindowRect: true, strictFileInteractability: false, timeouts: {implicit: 0, pageLoad: 300000, script: 30000}, unhandledPromptBehavior: dismiss and notify, webauthn:extension:credBlob: true, webauthn:extension:largeBlob: true, webauthn:extension:minPinLength: true, webauthn:extension:prf: true, webauthn:virtualAuthenticators: true}
Element: [[ChromeDriver: chrome on WINDOWS (346eb33ac8da47e355b065ae540ee93a)] -> xpath: (//a[@class='css-qNlYD'])[3]]
Session ID: 346eb33ac8da47e355b065ae540ee93a
at java.base/jdk.internal.reflect.NativeConstructorAccessorImpl.newInstance0(Native Method)
at java.base/jdk.internal.reflect.NativeConstructorAccessorImpl.newInstance(NativeConstructorAccessorImpl.java:77)
at java.base/jdk.internal.reflect.DelegatingConstructorAccessorImpl.newInstance(DelegatingConstructorAccessorImpl.java:45)
at java.base/java.lang.reflect.Constructor.newInstanceWithCaller(Constructor.java:499)
at java.base/java.lang.reflect.Constructor.newInstance(Constructor.java:480)
at org.openqa.selenium.remote.codec.w3c.W3CHttpResponseCodec.createException(W3CHttpResponseCodec.java:200)
at org.openqa.selenium.remote.codec.w3c.W3CHttpResponseCodec.decode(W3CHttpResponseCodec.java:133)
at org.openqa.selenium.remote.codec.w3c.W3CHttpResponseCodec.decode(W3CHttpResponseCodec.java:53)
at org.openqa.selenium.remote.HttpCommandExecutor.execute(HttpCommandExecutor.java:184)
at org.openqa.selenium.remote.service.DriverCommandExecutor.invokeExecute(DriverCommandExecutor.java:167)
at org.openqa.selenium.remote.service.DriverCommandExecutor.execute(DriverCommandExecutor.java:142)
at org.openqa.selenium.remote.RemoteWebDriver.execute(RemoteWebDriver.java:543)
at org.openqa.selenium.remote.RemoteWebElement.execute(RemoteWebElement.java:257)
at org.openqa.selenium.remote.RemoteWebElement.click(RemoteWebElement.java:78)
at jdk.internal.reflect.GeneratedMethodAccessor1.invoke(Unknown Source)
at java.base/jdk.internal.reflect.DelegatingMethodAccessorImpl.invoke(DelegatingMethodAccessorImpl.java:43)
at java.base/java.lang.reflect.Method.invoke(Method.java:568)
at org.openqa.selenium.support.pagefactory.internal.LocatingElementHandler.invoke(LocatingElementHandler.java:52)
at jdk.proxy2/jdk.proxy2.$Proxy17.click(Unknown Source)
at UBERTESTCASE.Uberbusinesstest1.careers_ch(Uberbusinesstest1.java:286)
at java.base/jdk.internal.reflect.NativeMethodAccessorImpl.invoke0(Native Method)
at java.base/jdk.internal.reflect.NativeMethodAccessorImpl.invoke(NativeMethodAccessorImpl.java:77)
at java.base/jdk.internal.reflect.DelegatingMethodAccessorImpl.invoke(DelegatingMethodAccessorImpl.java:43)
at java.base/java.lang.reflect.Method.invoke(Method.java:568)
at org.testng.internal.invokers.MethodInvocationHelper.invokeMethod(MethodInvocationHelper.java:139)
at org.testng.internal.invokers.TestInvoker.invokeMethod(TestInvoker.java:677)
at org.testng.internal.invokers.TestInvoker.invokeTestMethod(TestInvoker.java:221)
at org.testng.internal.invokers.MethodRunner.runInSequence(MethodRunner.java:50)
at org.testng.internal.invokers.TestInvoker$MethodInvocationAgent.invoke(TestInvoker.java:969)
at org.testng.internal.invokers.TestInvoker.invokeTestMethods(TestInvoker.java:194)
at org.testng.internal.invokers.TestMethodWorker.invokeTestMethods(TestMethodWorker.java:148)
at org.testng.internal.invokers.TestMethodWorker.run(TestMethodWorker.java:128)
at java.base/java.util.ArrayList.forEach(ArrayList.java:1511)
at org.testng.TestRunner.privateRun(TestRunner.java:829)
at org.testng.TestRunner.run(TestRunner.java:602)
at org.testng.SuiteRunner.runTest(SuiteRunner.java:437)
at org.testng.SuiteRunner.runSequentially(SuiteRunner.java:431)
at org.testng.SuiteRunner.privateRun(SuiteRunner.java:391)
at org.testng.SuiteRunner.run(SuiteRunner.java:330)
at org.testng.SuiteRunnerWorker.runSuite(SuiteRunnerWorker.java:52)
at org.testng.SuiteRunnerWorker.run(SuiteRunnerWorker.java:95)
at org.testng.TestNG.runSuitesSequentially(TestNG.java:1256)
at org.testng.TestNG.runSuitesLocally(TestNG.java:1176)
at org.testng.TestNG.runSuites(TestNG.java:1099)
at org.testng.TestNG.run(TestNG.java:1067)
at org.testng.remote.AbstractRemoteTestNG.run(AbstractRemoteTestNG.java:115)
at org.testng.remote.RemoteTestNG.initAndRun(RemoteTestNG.java:251)
at org.testng.remote.RemoteTestNG.main(RemoteTestNG.java:77)
]]>
    </error>
  </testcase> <!-- careers_ch -->
  <system-out/>
  <testcase classname="UBERTESTCASE.Uberbusinesstest1" name="Getstarted">
    <skipped/>
  </testcase> <!-- Getstarted -->
  <system-out/>
</testsuite> <!-- UBERTESTCASE.Uberbusinesstest1 -->
